<?xml version="1.0" encoding="UTF-8"?>
<testsuite name="CalculatorTest" tests="2" skipped="0" failures="0" errors="0" timestamp="2020-03-06T08:00:03" hostname="umuzi-admin" time="0.007">
  <properties/>
  <testcase name="addTest" classname="CalculatorTest" time="0.006"/>
  <testcase name="multiplyTest" classname="CalculatorTest" time="0.0"/>
  <system-out><![CDATA[The sum of numbers :4
Product of numbers :120
]]></system-out>
  <system-err><![CDATA[]]></system-err>
</testsuite>
