<?xml version="1.0" encoding="UTF-8"?>
<testsuite name="CalculatorTest" tests="2" skipped="0" failures="0" errors="0" timestamp="2020-02-26T09:18:50" hostname="umuzi-admin" time="0.002">
  <properties/>
  <testcase name="addTest" classname="CalculatorTest" time="0.001"/>
  <testcase name="multiplyTest" classname="CalculatorTest" time="0.001"/>
  <system-out><![CDATA[]]></system-out>
  <system-err><![CDATA[]]></system-err>
</testsuite>
